<<<<<<< HEAD
Symlinking /home/argadewanata/Documents/Banyubramanta/SAUVC_2022/ROS_SAUVC_2022_Main_WS/devel/include/master_package/master_stm32.h
Symlinking /home/argadewanata/Documents/Banyubramanta/SAUVC_2022/ROS_SAUVC_2022_Main_WS/devel/include/master_package/master_ros.h
Symlinking /home/argadewanata/Documents/Banyubramanta/SAUVC_2022/ROS_SAUVC_2022_Main_WS/devel/lib/pkgconfig/master_package.pc
Symlinking /home/argadewanata/Documents/Banyubramanta/SAUVC_2022/ROS_SAUVC_2022_Main_WS/devel/lib/python3/dist-packages/master_package/__init__.py
Symlinking /home/argadewanata/Documents/Banyubramanta/SAUVC_2022/ROS_SAUVC_2022_Main_WS/devel/lib/python3/dist-packages/master_package/msg/_master_stm32.py
Symlinking /home/argadewanata/Documents/Banyubramanta/SAUVC_2022/ROS_SAUVC_2022_Main_WS/devel/lib/python3/dist-packages/master_package/msg/__init__.py
Symlinking /home/argadewanata/Documents/Banyubramanta/SAUVC_2022/ROS_SAUVC_2022_Main_WS/devel/lib/python3/dist-packages/master_package/msg/_master_ros.py
Symlinking /home/argadewanata/Documents/Banyubramanta/SAUVC_2022/ROS_SAUVC_2022_Main_WS/devel/share/roseus/ros/master_package/manifest.l
Symlinking /home/argadewanata/Documents/Banyubramanta/SAUVC_2022/ROS_SAUVC_2022_Main_WS/devel/share/roseus/ros/master_package/msg/master_stm32.l
Symlinking /home/argadewanata/Documents/Banyubramanta/SAUVC_2022/ROS_SAUVC_2022_Main_WS/devel/share/roseus/ros/master_package/msg/master_ros.l
Symlinking /home/argadewanata/Documents/Banyubramanta/SAUVC_2022/ROS_SAUVC_2022_Main_WS/devel/share/common-lisp/ros/master_package/msg/_package_master_stm32.lisp
Symlinking /home/argadewanata/Documents/Banyubramanta/SAUVC_2022/ROS_SAUVC_2022_Main_WS/devel/share/common-lisp/ros/master_package/msg/master_package-msg.asd
Symlinking /home/argadewanata/Documents/Banyubramanta/SAUVC_2022/ROS_SAUVC_2022_Main_WS/devel/share/common-lisp/ros/master_package/msg/master_ros.lisp
Symlinking /home/argadewanata/Documents/Banyubramanta/SAUVC_2022/ROS_SAUVC_2022_Main_WS/devel/share/common-lisp/ros/master_package/msg/_package_master_ros.lisp
Symlinking /home/argadewanata/Documents/Banyubramanta/SAUVC_2022/ROS_SAUVC_2022_Main_WS/devel/share/common-lisp/ros/master_package/msg/_package.lisp
Symlinking /home/argadewanata/Documents/Banyubramanta/SAUVC_2022/ROS_SAUVC_2022_Main_WS/devel/share/common-lisp/ros/master_package/msg/master_stm32.lisp
Symlinking /home/argadewanata/Documents/Banyubramanta/SAUVC_2022/ROS_SAUVC_2022_Main_WS/devel/share/gennodejs/ros/master_package/_index.js
Symlinking /home/argadewanata/Documents/Banyubramanta/SAUVC_2022/ROS_SAUVC_2022_Main_WS/devel/share/gennodejs/ros/master_package/msg/master_stm32.js
Symlinking /home/argadewanata/Documents/Banyubramanta/SAUVC_2022/ROS_SAUVC_2022_Main_WS/devel/share/gennodejs/ros/master_package/msg/master_ros.js
Symlinking /home/argadewanata/Documents/Banyubramanta/SAUVC_2022/ROS_SAUVC_2022_Main_WS/devel/share/gennodejs/ros/master_package/msg/_index.js
Symlinking /home/argadewanata/Documents/Banyubramanta/SAUVC_2022/ROS_SAUVC_2022_Main_WS/devel/share/master_package/cmake/master_package-msg-paths.cmake
Symlinking /home/argadewanata/Documents/Banyubramanta/SAUVC_2022/ROS_SAUVC_2022_Main_WS/devel/share/master_package/cmake/master_packageConfig-version.cmake
Symlinking /home/argadewanata/Documents/Banyubramanta/SAUVC_2022/ROS_SAUVC_2022_Main_WS/devel/share/master_package/cmake/master_package-msg-extras.cmake
Symlinking /home/argadewanata/Documents/Banyubramanta/SAUVC_2022/ROS_SAUVC_2022_Main_WS/devel/share/master_package/cmake/master_packageConfig.cmake
=======
Symlinking /home/abin/kumpulan_workspace/git/ROS_SAUVC_2022_Main_WS/devel/include/master_package/master_ros.h
Symlinking /home/abin/kumpulan_workspace/git/ROS_SAUVC_2022_Main_WS/devel/include/master_package/master_stm32.h
Symlinking /home/abin/kumpulan_workspace/git/ROS_SAUVC_2022_Main_WS/devel/lib/python3/dist-packages/master_package/__init__.py
Symlinking /home/abin/kumpulan_workspace/git/ROS_SAUVC_2022_Main_WS/devel/lib/python3/dist-packages/master_package/msg/_master_stm32.py
Symlinking /home/abin/kumpulan_workspace/git/ROS_SAUVC_2022_Main_WS/devel/lib/python3/dist-packages/master_package/msg/_master_ros.py
Symlinking /home/abin/kumpulan_workspace/git/ROS_SAUVC_2022_Main_WS/devel/lib/python3/dist-packages/master_package/msg/__init__.py
Symlinking /home/abin/kumpulan_workspace/git/ROS_SAUVC_2022_Main_WS/devel/lib/pkgconfig/master_package.pc
Symlinking /home/abin/kumpulan_workspace/git/ROS_SAUVC_2022_Main_WS/devel/share/roseus/ros/master_package/manifest.l
Symlinking /home/abin/kumpulan_workspace/git/ROS_SAUVC_2022_Main_WS/devel/share/roseus/ros/master_package/msg/master_ros.l
Symlinking /home/abin/kumpulan_workspace/git/ROS_SAUVC_2022_Main_WS/devel/share/roseus/ros/master_package/msg/master_stm32.l
Symlinking /home/abin/kumpulan_workspace/git/ROS_SAUVC_2022_Main_WS/devel/share/gennodejs/ros/master_package/_index.js
Symlinking /home/abin/kumpulan_workspace/git/ROS_SAUVC_2022_Main_WS/devel/share/gennodejs/ros/master_package/msg/_index.js
Symlinking /home/abin/kumpulan_workspace/git/ROS_SAUVC_2022_Main_WS/devel/share/gennodejs/ros/master_package/msg/master_stm32.js
Symlinking /home/abin/kumpulan_workspace/git/ROS_SAUVC_2022_Main_WS/devel/share/gennodejs/ros/master_package/msg/master_ros.js
Symlinking /home/abin/kumpulan_workspace/git/ROS_SAUVC_2022_Main_WS/devel/share/common-lisp/ros/master_package/msg/_package.lisp
Symlinking /home/abin/kumpulan_workspace/git/ROS_SAUVC_2022_Main_WS/devel/share/common-lisp/ros/master_package/msg/master_ros.lisp
Symlinking /home/abin/kumpulan_workspace/git/ROS_SAUVC_2022_Main_WS/devel/share/common-lisp/ros/master_package/msg/_package_master_ros.lisp
Symlinking /home/abin/kumpulan_workspace/git/ROS_SAUVC_2022_Main_WS/devel/share/common-lisp/ros/master_package/msg/master_stm32.lisp
Symlinking /home/abin/kumpulan_workspace/git/ROS_SAUVC_2022_Main_WS/devel/share/common-lisp/ros/master_package/msg/_package_master_stm32.lisp
Symlinking /home/abin/kumpulan_workspace/git/ROS_SAUVC_2022_Main_WS/devel/share/common-lisp/ros/master_package/msg/master_package-msg.asd
Symlinking /home/abin/kumpulan_workspace/git/ROS_SAUVC_2022_Main_WS/devel/share/master_package/cmake/master_packageConfig.cmake
Symlinking /home/abin/kumpulan_workspace/git/ROS_SAUVC_2022_Main_WS/devel/share/master_package/cmake/master_package-msg-extras.cmake
Symlinking /home/abin/kumpulan_workspace/git/ROS_SAUVC_2022_Main_WS/devel/share/master_package/cmake/master_packageConfig-version.cmake
Symlinking /home/abin/kumpulan_workspace/git/ROS_SAUVC_2022_Main_WS/devel/share/master_package/cmake/master_package-msg-paths.cmake
>>>>>>> fbdd64b166b645d189148d2a559d8287f156108d
