<<<<<<< HEAD
[35m[1mScanning dependencies of target _master_package_generate_messages_check_deps_master_ros[0m
[35m[1mScanning dependencies of target _master_package_generate_messages_check_deps_master_stm32[0m
[35m[1mScanning dependencies of target std_msgs_generate_messages_lisp[0m
[35m[1mScanning dependencies of target std_msgs_generate_messages_nodejs[0m
[  0%] Built target std_msgs_generate_messages_lisp
[  0%] Built target std_msgs_generate_messages_nodejs
[35m[1mScanning dependencies of target std_msgs_generate_messages_cpp[0m
[35m[1mScanning dependencies of target std_msgs_generate_messages_py[0m
[  0%] Built target std_msgs_generate_messages_cpp
=======
[35m[1mScanning dependencies of target std_msgs_generate_messages_cpp[0m
[35m[1mScanning dependencies of target std_msgs_generate_messages_nodejs[0m
[35m[1mScanning dependencies of target std_msgs_generate_messages_py[0m
[35m[1mScanning dependencies of target std_msgs_generate_messages_lisp[0m
[35m[1mScanning dependencies of target _master_package_generate_messages_check_deps_master_stm32[0m
[35m[1mScanning dependencies of target _master_package_generate_messages_check_deps_master_ros[0m
[35m[1mScanning dependencies of target std_msgs_generate_messages_eus[0m
[  0%] Built target std_msgs_generate_messages_cpp
[  0%] Built target std_msgs_generate_messages_lisp
[  0%] Built target std_msgs_generate_messages_nodejs
[  0%] Built target std_msgs_generate_messages_eus
>>>>>>> fbdd64b166b645d189148d2a559d8287f156108d
[  0%] Built target std_msgs_generate_messages_py
[35m[1mScanning dependencies of target std_msgs_generate_messages_eus[0m
[  0%] Built target _master_package_generate_messages_check_deps_master_stm32
[  0%] Built target _master_package_generate_messages_check_deps_master_ros
<<<<<<< HEAD
[  0%] Built target std_msgs_generate_messages_eus
[35m[1mScanning dependencies of target master_package_generate_messages_nodejs[0m
[35m[1mScanning dependencies of target master_package_generate_messages_lisp[0m
[  8%] [34m[1mGenerating Javascript code from master_package/master_stm32.msg[0m
[ 16%] [34m[1mGenerating Lisp code from master_package/master_stm32.msg[0m
[ 25%] [34m[1mGenerating Lisp code from master_package/master_ros.msg[0m
[35m[1mScanning dependencies of target master_package_generate_messages_cpp[0m
[35m[1mScanning dependencies of target master_package_generate_messages_py[0m
[ 33%] [34m[1mGenerating C++ code from master_package/master_stm32.msg[0m
[ 41%] [34m[1mGenerating Python from MSG master_package/master_stm32[0m
[ 50%] [34m[1mGenerating Javascript code from master_package/master_ros.msg[0m
[ 50%] Built target master_package_generate_messages_lisp
[ 58%] [34m[1mGenerating C++ code from master_package/master_ros.msg[0m
[ 58%] Built target master_package_generate_messages_nodejs
[35m[1mScanning dependencies of target master_package_generate_messages_eus[0m
[ 66%] [34m[1mGenerating EusLisp code from master_package/master_stm32.msg[0m
[ 66%] Built target master_package_generate_messages_cpp
[ 75%] [34m[1mGenerating Python from MSG master_package/master_ros[0m
=======
[35m[1mScanning dependencies of target master_package_generate_messages_nodejs[0m
[35m[1mScanning dependencies of target master_package_generate_messages_lisp[0m
[35m[1mScanning dependencies of target master_package_generate_messages_cpp[0m
[35m[1mScanning dependencies of target master_package_generate_messages_py[0m
[ 16%] [34m[1mGenerating Javascript code from master_package/master_stm32.msg[0m
[ 16%] [34m[1mGenerating Lisp code from master_package/master_stm32.msg[0m
[ 25%] [34m[1mGenerating Python from MSG master_package/master_stm32[0m
[ 33%] [34m[1mGenerating C++ code from master_package/master_stm32.msg[0m
[ 41%] [34m[1mGenerating Lisp code from master_package/master_ros.msg[0m
[ 50%] [34m[1mGenerating Javascript code from master_package/master_ros.msg[0m
[ 66%] [34m[1mGenerating Python from MSG master_package/master_ros[0m
[ 66%] [34m[1mGenerating C++ code from master_package/master_ros.msg[0m
[35m[1mScanning dependencies of target master_package_generate_messages_eus[0m
[ 66%] Built target master_package_generate_messages_lisp
[ 75%] [34m[1mGenerating EusLisp code from master_package/master_stm32.msg[0m
>>>>>>> fbdd64b166b645d189148d2a559d8287f156108d
[ 83%] [34m[1mGenerating EusLisp code from master_package/master_ros.msg[0m
[ 83%] Built target master_package_generate_messages_nodejs
[ 91%] [34m[1mGenerating EusLisp manifest code for master_package[0m
[ 91%] Built target master_package_generate_messages_cpp
[100%] [34m[1mGenerating Python msg __init__.py for master_package[0m
[100%] Built target master_package_generate_messages_py
[100%] Built target master_package_generate_messages_eus
[35m[1mScanning dependencies of target master_package_generate_messages[0m
[100%] Built target master_package_generate_messages
