Performing C SOURCE FILE Test CMAKE_HAVE_LIBC_PTHREAD failed with the following output:
<<<<<<< HEAD
Change Dir: /home/argadewanata/Documents/Banyubramanta/SAUVC_2022/ROS_SAUVC_2022_Main_WS/build/positioning_package/CMakeFiles/CMakeTmp

Run Build Command(s):/usr/bin/make cmTC_d7808/fast && /usr/bin/make -f CMakeFiles/cmTC_d7808.dir/build.make CMakeFiles/cmTC_d7808.dir/build
make[1]: Entering directory '/home/argadewanata/Documents/Banyubramanta/SAUVC_2022/ROS_SAUVC_2022_Main_WS/build/positioning_package/CMakeFiles/CMakeTmp'
Building C object CMakeFiles/cmTC_d7808.dir/src.c.o
/usr/bin/cc   -DCMAKE_HAVE_LIBC_PTHREAD   -o CMakeFiles/cmTC_d7808.dir/src.c.o   -c /home/argadewanata/Documents/Banyubramanta/SAUVC_2022/ROS_SAUVC_2022_Main_WS/build/positioning_package/CMakeFiles/CMakeTmp/src.c
Linking C executable cmTC_d7808
/usr/bin/cmake -E cmake_link_script CMakeFiles/cmTC_d7808.dir/link.txt --verbose=1
/usr/bin/cc  -DCMAKE_HAVE_LIBC_PTHREAD    -rdynamic CMakeFiles/cmTC_d7808.dir/src.c.o  -o cmTC_d7808 
/usr/bin/ld: CMakeFiles/cmTC_d7808.dir/src.c.o: in function `main':
=======
Change Dir: /home/abin/kumpulan_workspace/git/ROS_SAUVC_2022_Main_WS/build/positioning_package/CMakeFiles/CMakeTmp

Run Build Command(s):/usr/bin/make cmTC_ee362/fast && /usr/bin/make -f CMakeFiles/cmTC_ee362.dir/build.make CMakeFiles/cmTC_ee362.dir/build
make[1]: Entering directory '/home/abin/kumpulan_workspace/git/ROS_SAUVC_2022_Main_WS/build/positioning_package/CMakeFiles/CMakeTmp'
Building C object CMakeFiles/cmTC_ee362.dir/src.c.o
/usr/bin/cc   -DCMAKE_HAVE_LIBC_PTHREAD   -o CMakeFiles/cmTC_ee362.dir/src.c.o   -c /home/abin/kumpulan_workspace/git/ROS_SAUVC_2022_Main_WS/build/positioning_package/CMakeFiles/CMakeTmp/src.c
Linking C executable cmTC_ee362
/usr/bin/cmake -E cmake_link_script CMakeFiles/cmTC_ee362.dir/link.txt --verbose=1
/usr/bin/cc  -DCMAKE_HAVE_LIBC_PTHREAD    -rdynamic CMakeFiles/cmTC_ee362.dir/src.c.o  -o cmTC_ee362 
/usr/bin/ld: CMakeFiles/cmTC_ee362.dir/src.c.o: in function `main':
>>>>>>> fbdd64b166b645d189148d2a559d8287f156108d
src.c:(.text+0x46): undefined reference to `pthread_create'
/usr/bin/ld: src.c:(.text+0x52): undefined reference to `pthread_detach'
/usr/bin/ld: src.c:(.text+0x63): undefined reference to `pthread_join'
collect2: error: ld returned 1 exit status
<<<<<<< HEAD
make[1]: *** [CMakeFiles/cmTC_d7808.dir/build.make:87: cmTC_d7808] Error 1
make[1]: Leaving directory '/home/argadewanata/Documents/Banyubramanta/SAUVC_2022/ROS_SAUVC_2022_Main_WS/build/positioning_package/CMakeFiles/CMakeTmp'
make: *** [Makefile:121: cmTC_d7808/fast] Error 2
=======
make[1]: *** [CMakeFiles/cmTC_ee362.dir/build.make:87: cmTC_ee362] Error 1
make[1]: Leaving directory '/home/abin/kumpulan_workspace/git/ROS_SAUVC_2022_Main_WS/build/positioning_package/CMakeFiles/CMakeTmp'
make: *** [Makefile:121: cmTC_ee362/fast] Error 2
>>>>>>> fbdd64b166b645d189148d2a559d8287f156108d


Source file was:
#include <pthread.h>

void* test_func(void* data)
{
  return data;
}

int main(void)
{
  pthread_t thread;
  pthread_create(&thread, NULL, test_func, NULL);
  pthread_detach(thread);
  pthread_join(thread, NULL);
  pthread_atfork(NULL, NULL, NULL);
  pthread_exit(NULL);

  return 0;
}

Determining if the function pthread_create exists in the pthreads failed with the following output:
<<<<<<< HEAD
Change Dir: /home/argadewanata/Documents/Banyubramanta/SAUVC_2022/ROS_SAUVC_2022_Main_WS/build/positioning_package/CMakeFiles/CMakeTmp

Run Build Command(s):/usr/bin/make cmTC_ad85c/fast && /usr/bin/make -f CMakeFiles/cmTC_ad85c.dir/build.make CMakeFiles/cmTC_ad85c.dir/build
make[1]: Entering directory '/home/argadewanata/Documents/Banyubramanta/SAUVC_2022/ROS_SAUVC_2022_Main_WS/build/positioning_package/CMakeFiles/CMakeTmp'
Building C object CMakeFiles/cmTC_ad85c.dir/CheckFunctionExists.c.o
/usr/bin/cc   -DCHECK_FUNCTION_EXISTS=pthread_create   -o CMakeFiles/cmTC_ad85c.dir/CheckFunctionExists.c.o   -c /usr/share/cmake-3.16/Modules/CheckFunctionExists.c
Linking C executable cmTC_ad85c
/usr/bin/cmake -E cmake_link_script CMakeFiles/cmTC_ad85c.dir/link.txt --verbose=1
/usr/bin/cc  -DCHECK_FUNCTION_EXISTS=pthread_create    -rdynamic CMakeFiles/cmTC_ad85c.dir/CheckFunctionExists.c.o  -o cmTC_ad85c  -lpthreads 
/usr/bin/ld: cannot find -lpthreads
collect2: error: ld returned 1 exit status
make[1]: *** [CMakeFiles/cmTC_ad85c.dir/build.make:87: cmTC_ad85c] Error 1
make[1]: Leaving directory '/home/argadewanata/Documents/Banyubramanta/SAUVC_2022/ROS_SAUVC_2022_Main_WS/build/positioning_package/CMakeFiles/CMakeTmp'
make: *** [Makefile:121: cmTC_ad85c/fast] Error 2
=======
Change Dir: /home/abin/kumpulan_workspace/git/ROS_SAUVC_2022_Main_WS/build/positioning_package/CMakeFiles/CMakeTmp

Run Build Command(s):/usr/bin/make cmTC_57415/fast && /usr/bin/make -f CMakeFiles/cmTC_57415.dir/build.make CMakeFiles/cmTC_57415.dir/build
make[1]: Entering directory '/home/abin/kumpulan_workspace/git/ROS_SAUVC_2022_Main_WS/build/positioning_package/CMakeFiles/CMakeTmp'
Building C object CMakeFiles/cmTC_57415.dir/CheckFunctionExists.c.o
/usr/bin/cc   -DCHECK_FUNCTION_EXISTS=pthread_create   -o CMakeFiles/cmTC_57415.dir/CheckFunctionExists.c.o   -c /usr/share/cmake-3.16/Modules/CheckFunctionExists.c
Linking C executable cmTC_57415
/usr/bin/cmake -E cmake_link_script CMakeFiles/cmTC_57415.dir/link.txt --verbose=1
/usr/bin/cc  -DCHECK_FUNCTION_EXISTS=pthread_create    -rdynamic CMakeFiles/cmTC_57415.dir/CheckFunctionExists.c.o  -o cmTC_57415  -lpthreads 
/usr/bin/ld: cannot find -lpthreads
collect2: error: ld returned 1 exit status
make[1]: *** [CMakeFiles/cmTC_57415.dir/build.make:87: cmTC_57415] Error 1
make[1]: Leaving directory '/home/abin/kumpulan_workspace/git/ROS_SAUVC_2022_Main_WS/build/positioning_package/CMakeFiles/CMakeTmp'
make: *** [Makefile:121: cmTC_57415/fast] Error 2
>>>>>>> fbdd64b166b645d189148d2a559d8287f156108d



