<<<<<<< HEAD
Symlinking /home/argadewanata/Documents/Banyubramanta/SAUVC_2022/ROS_SAUVC_2022_Main_WS/devel/include/mission_package/misi.h
Symlinking /home/argadewanata/Documents/Banyubramanta/SAUVC_2022/ROS_SAUVC_2022_Main_WS/devel/lib/pkgconfig/mission_package.pc
Symlinking /home/argadewanata/Documents/Banyubramanta/SAUVC_2022/ROS_SAUVC_2022_Main_WS/devel/lib/python3/dist-packages/mission_package/__init__.py
Symlinking /home/argadewanata/Documents/Banyubramanta/SAUVC_2022/ROS_SAUVC_2022_Main_WS/devel/lib/python3/dist-packages/mission_package/msg/__init__.py
Symlinking /home/argadewanata/Documents/Banyubramanta/SAUVC_2022/ROS_SAUVC_2022_Main_WS/devel/lib/python3/dist-packages/mission_package/msg/_misi.py
Symlinking /home/argadewanata/Documents/Banyubramanta/SAUVC_2022/ROS_SAUVC_2022_Main_WS/devel/share/roseus/ros/mission_package/manifest.l
Symlinking /home/argadewanata/Documents/Banyubramanta/SAUVC_2022/ROS_SAUVC_2022_Main_WS/devel/share/roseus/ros/mission_package/msg/misi.l
Symlinking /home/argadewanata/Documents/Banyubramanta/SAUVC_2022/ROS_SAUVC_2022_Main_WS/devel/share/mission_package/cmake/mission_packageConfig-version.cmake
Symlinking /home/argadewanata/Documents/Banyubramanta/SAUVC_2022/ROS_SAUVC_2022_Main_WS/devel/share/mission_package/cmake/mission_packageConfig.cmake
Symlinking /home/argadewanata/Documents/Banyubramanta/SAUVC_2022/ROS_SAUVC_2022_Main_WS/devel/share/mission_package/cmake/mission_package-msg-extras.cmake
Symlinking /home/argadewanata/Documents/Banyubramanta/SAUVC_2022/ROS_SAUVC_2022_Main_WS/devel/share/mission_package/cmake/mission_package-msg-paths.cmake
Symlinking /home/argadewanata/Documents/Banyubramanta/SAUVC_2022/ROS_SAUVC_2022_Main_WS/devel/share/common-lisp/ros/mission_package/msg/mission_package-msg.asd
Symlinking /home/argadewanata/Documents/Banyubramanta/SAUVC_2022/ROS_SAUVC_2022_Main_WS/devel/share/common-lisp/ros/mission_package/msg/misi.lisp
Symlinking /home/argadewanata/Documents/Banyubramanta/SAUVC_2022/ROS_SAUVC_2022_Main_WS/devel/share/common-lisp/ros/mission_package/msg/_package.lisp
Symlinking /home/argadewanata/Documents/Banyubramanta/SAUVC_2022/ROS_SAUVC_2022_Main_WS/devel/share/common-lisp/ros/mission_package/msg/_package_misi.lisp
Symlinking /home/argadewanata/Documents/Banyubramanta/SAUVC_2022/ROS_SAUVC_2022_Main_WS/devel/share/gennodejs/ros/mission_package/_index.js
Symlinking /home/argadewanata/Documents/Banyubramanta/SAUVC_2022/ROS_SAUVC_2022_Main_WS/devel/share/gennodejs/ros/mission_package/msg/_index.js
Symlinking /home/argadewanata/Documents/Banyubramanta/SAUVC_2022/ROS_SAUVC_2022_Main_WS/devel/share/gennodejs/ros/mission_package/msg/misi.js
=======
Symlinking /home/abin/kumpulan_workspace/git/ROS_SAUVC_2022_Main_WS/devel/include/mission_package/misi.h
Symlinking /home/abin/kumpulan_workspace/git/ROS_SAUVC_2022_Main_WS/devel/lib/python3/dist-packages/mission_package/__init__.py
Symlinking /home/abin/kumpulan_workspace/git/ROS_SAUVC_2022_Main_WS/devel/lib/python3/dist-packages/mission_package/msg/__init__.py
Symlinking /home/abin/kumpulan_workspace/git/ROS_SAUVC_2022_Main_WS/devel/lib/python3/dist-packages/mission_package/msg/_misi.py
Symlinking /home/abin/kumpulan_workspace/git/ROS_SAUVC_2022_Main_WS/devel/lib/pkgconfig/mission_package.pc
Symlinking /home/abin/kumpulan_workspace/git/ROS_SAUVC_2022_Main_WS/devel/share/roseus/ros/mission_package/manifest.l
Symlinking /home/abin/kumpulan_workspace/git/ROS_SAUVC_2022_Main_WS/devel/share/roseus/ros/mission_package/msg/misi.l
Symlinking /home/abin/kumpulan_workspace/git/ROS_SAUVC_2022_Main_WS/devel/share/mission_package/cmake/mission_package-msg-extras.cmake
Symlinking /home/abin/kumpulan_workspace/git/ROS_SAUVC_2022_Main_WS/devel/share/mission_package/cmake/mission_package-msg-paths.cmake
Symlinking /home/abin/kumpulan_workspace/git/ROS_SAUVC_2022_Main_WS/devel/share/mission_package/cmake/mission_packageConfig.cmake
Symlinking /home/abin/kumpulan_workspace/git/ROS_SAUVC_2022_Main_WS/devel/share/mission_package/cmake/mission_packageConfig-version.cmake
Symlinking /home/abin/kumpulan_workspace/git/ROS_SAUVC_2022_Main_WS/devel/share/gennodejs/ros/mission_package/_index.js
Symlinking /home/abin/kumpulan_workspace/git/ROS_SAUVC_2022_Main_WS/devel/share/gennodejs/ros/mission_package/msg/misi.js
Symlinking /home/abin/kumpulan_workspace/git/ROS_SAUVC_2022_Main_WS/devel/share/gennodejs/ros/mission_package/msg/_index.js
Symlinking /home/abin/kumpulan_workspace/git/ROS_SAUVC_2022_Main_WS/devel/share/common-lisp/ros/mission_package/msg/misi.lisp
Symlinking /home/abin/kumpulan_workspace/git/ROS_SAUVC_2022_Main_WS/devel/share/common-lisp/ros/mission_package/msg/_package.lisp
Symlinking /home/abin/kumpulan_workspace/git/ROS_SAUVC_2022_Main_WS/devel/share/common-lisp/ros/mission_package/msg/_package_misi.lisp
Symlinking /home/abin/kumpulan_workspace/git/ROS_SAUVC_2022_Main_WS/devel/share/common-lisp/ros/mission_package/msg/mission_package-msg.asd
>>>>>>> fbdd64b166b645d189148d2a559d8287f156108d
