[35m[1mScanning dependencies of target _mission_package_generate_messages_check_deps_misi[0m
[35m[1mScanning dependencies of target std_msgs_generate_messages_cpp[0m
<<<<<<< HEAD
[  0%] Built target std_msgs_generate_messages_cpp
[35m[1mScanning dependencies of target std_msgs_generate_messages_py[0m
=======
[35m[1mScanning dependencies of target std_msgs_generate_messages_eus[0m
[35m[1mScanning dependencies of target std_msgs_generate_messages_nodejs[0m
[35m[1mScanning dependencies of target std_msgs_generate_messages_py[0m
[  0%] Built target std_msgs_generate_messages_cpp
[35m[1mScanning dependencies of target std_msgs_generate_messages_lisp[0m
[  0%] Built target std_msgs_generate_messages_eus
>>>>>>> fbdd64b166b645d189148d2a559d8287f156108d
[  0%] Built target std_msgs_generate_messages_py
[  0%] Built target _mission_package_generate_messages_check_deps_misi
[35m[1mScanning dependencies of target std_msgs_generate_messages_nodejs[0m
[  0%] Built target std_msgs_generate_messages_nodejs
[  0%] Built target std_msgs_generate_messages_lisp
[  0%] Built target _mission_package_generate_messages_check_deps_misi
[35m[1mScanning dependencies of target mission_package_generate_messages_eus[0m
[35m[1mScanning dependencies of target mission_package_generate_messages_py[0m
<<<<<<< HEAD
[ 28%] [34m[1mGenerating Python from MSG mission_package/misi[0m
[ 28%] Built target mission_package_generate_messages_cpp
[35m[1mScanning dependencies of target mission_package_generate_messages_nodejs[0m
[ 42%] [34m[1mGenerating Javascript code from mission_package/misi.msg[0m
[35m[1mScanning dependencies of target mission_package_generate_messages_lisp[0m
[ 57%] [34m[1mGenerating Lisp code from mission_package/misi.msg[0m
[ 71%] [34m[1mGenerating Python msg __init__.py for mission_package[0m
[ 71%] Built target mission_package_generate_messages_nodejs
[ 71%] Built target mission_package_generate_messages_lisp
[35m[1mScanning dependencies of target mission_package_generate_messages_eus[0m
[ 85%] [34m[1mGenerating EusLisp code from mission_package/misi.msg[0m
[100%] [34m[1mGenerating EusLisp manifest code for mission_package[0m
=======
[35m[1mScanning dependencies of target mission_package_generate_messages_lisp[0m
[35m[1mScanning dependencies of target mission_package_generate_messages_nodejs[0m
[35m[1mScanning dependencies of target mission_package_generate_messages_cpp[0m
[ 14%] [34m[1mGenerating EusLisp code from mission_package/misi.msg[0m
[ 85%] [34m[1mGenerating Javascript code from mission_package/misi.msg[0m
[ 85%] [34m[1mGenerating Lisp code from mission_package/misi.msg[0m
[ 85%] [34m[1mGenerating C++ code from mission_package/misi.msg[0m
[ 85%] [34m[1mGenerating EusLisp manifest code for mission_package[0m
[ 85%] [34m[1mGenerating Python from MSG mission_package/misi[0m
[ 85%] Built target mission_package_generate_messages_lisp
[ 85%] Built target mission_package_generate_messages_nodejs
[100%] [34m[1mGenerating Python msg __init__.py for mission_package[0m
[100%] Built target mission_package_generate_messages_cpp
>>>>>>> fbdd64b166b645d189148d2a559d8287f156108d
[100%] Built target mission_package_generate_messages_py
[100%] Built target mission_package_generate_messages_eus
[35m[1mScanning dependencies of target mission_package_generate_messages[0m
[100%] Built target mission_package_generate_messages
