Performing C SOURCE FILE Test CMAKE_HAVE_LIBC_PTHREAD failed with the following output:
<<<<<<< HEAD
Change Dir: /home/argadewanata/Documents/Banyubramanta/SAUVC_2022/ROS_SAUVC_2022_Main_WS/build/movement_package/CMakeFiles/CMakeTmp

Run Build Command(s):/usr/bin/make cmTC_19d20/fast && /usr/bin/make -f CMakeFiles/cmTC_19d20.dir/build.make CMakeFiles/cmTC_19d20.dir/build
make[1]: Entering directory '/home/argadewanata/Documents/Banyubramanta/SAUVC_2022/ROS_SAUVC_2022_Main_WS/build/movement_package/CMakeFiles/CMakeTmp'
Building C object CMakeFiles/cmTC_19d20.dir/src.c.o
/usr/bin/cc   -DCMAKE_HAVE_LIBC_PTHREAD   -o CMakeFiles/cmTC_19d20.dir/src.c.o   -c /home/argadewanata/Documents/Banyubramanta/SAUVC_2022/ROS_SAUVC_2022_Main_WS/build/movement_package/CMakeFiles/CMakeTmp/src.c
Linking C executable cmTC_19d20
/usr/bin/cmake -E cmake_link_script CMakeFiles/cmTC_19d20.dir/link.txt --verbose=1
/usr/bin/cc  -DCMAKE_HAVE_LIBC_PTHREAD    -rdynamic CMakeFiles/cmTC_19d20.dir/src.c.o  -o cmTC_19d20 
/usr/bin/ld: CMakeFiles/cmTC_19d20.dir/src.c.o: in function `main':
=======
Change Dir: /home/abin/kumpulan_workspace/git/ROS_SAUVC_2022_Main_WS/build/movement_package/CMakeFiles/CMakeTmp

Run Build Command(s):/usr/bin/make cmTC_0305d/fast && /usr/bin/make -f CMakeFiles/cmTC_0305d.dir/build.make CMakeFiles/cmTC_0305d.dir/build
make[1]: Entering directory '/home/abin/kumpulan_workspace/git/ROS_SAUVC_2022_Main_WS/build/movement_package/CMakeFiles/CMakeTmp'
Building C object CMakeFiles/cmTC_0305d.dir/src.c.o
/usr/bin/cc   -DCMAKE_HAVE_LIBC_PTHREAD   -o CMakeFiles/cmTC_0305d.dir/src.c.o   -c /home/abin/kumpulan_workspace/git/ROS_SAUVC_2022_Main_WS/build/movement_package/CMakeFiles/CMakeTmp/src.c
Linking C executable cmTC_0305d
/usr/bin/cmake -E cmake_link_script CMakeFiles/cmTC_0305d.dir/link.txt --verbose=1
/usr/bin/cc  -DCMAKE_HAVE_LIBC_PTHREAD    -rdynamic CMakeFiles/cmTC_0305d.dir/src.c.o  -o cmTC_0305d 
/usr/bin/ld: CMakeFiles/cmTC_0305d.dir/src.c.o: in function `main':
>>>>>>> fbdd64b166b645d189148d2a559d8287f156108d
src.c:(.text+0x46): undefined reference to `pthread_create'
/usr/bin/ld: src.c:(.text+0x52): undefined reference to `pthread_detach'
/usr/bin/ld: src.c:(.text+0x63): undefined reference to `pthread_join'
collect2: error: ld returned 1 exit status
<<<<<<< HEAD
make[1]: *** [CMakeFiles/cmTC_19d20.dir/build.make:87: cmTC_19d20] Error 1
make[1]: Leaving directory '/home/argadewanata/Documents/Banyubramanta/SAUVC_2022/ROS_SAUVC_2022_Main_WS/build/movement_package/CMakeFiles/CMakeTmp'
make: *** [Makefile:121: cmTC_19d20/fast] Error 2
=======
make[1]: *** [CMakeFiles/cmTC_0305d.dir/build.make:87: cmTC_0305d] Error 1
make[1]: Leaving directory '/home/abin/kumpulan_workspace/git/ROS_SAUVC_2022_Main_WS/build/movement_package/CMakeFiles/CMakeTmp'
make: *** [Makefile:121: cmTC_0305d/fast] Error 2
>>>>>>> fbdd64b166b645d189148d2a559d8287f156108d


Source file was:
#include <pthread.h>

void* test_func(void* data)
{
  return data;
}

int main(void)
{
  pthread_t thread;
  pthread_create(&thread, NULL, test_func, NULL);
  pthread_detach(thread);
  pthread_join(thread, NULL);
  pthread_atfork(NULL, NULL, NULL);
  pthread_exit(NULL);

  return 0;
}

Determining if the function pthread_create exists in the pthreads failed with the following output:
<<<<<<< HEAD
Change Dir: /home/argadewanata/Documents/Banyubramanta/SAUVC_2022/ROS_SAUVC_2022_Main_WS/build/movement_package/CMakeFiles/CMakeTmp

Run Build Command(s):/usr/bin/make cmTC_1308a/fast && /usr/bin/make -f CMakeFiles/cmTC_1308a.dir/build.make CMakeFiles/cmTC_1308a.dir/build
make[1]: Entering directory '/home/argadewanata/Documents/Banyubramanta/SAUVC_2022/ROS_SAUVC_2022_Main_WS/build/movement_package/CMakeFiles/CMakeTmp'
Building C object CMakeFiles/cmTC_1308a.dir/CheckFunctionExists.c.o
/usr/bin/cc   -DCHECK_FUNCTION_EXISTS=pthread_create   -o CMakeFiles/cmTC_1308a.dir/CheckFunctionExists.c.o   -c /usr/share/cmake-3.16/Modules/CheckFunctionExists.c
Linking C executable cmTC_1308a
/usr/bin/cmake -E cmake_link_script CMakeFiles/cmTC_1308a.dir/link.txt --verbose=1
/usr/bin/cc  -DCHECK_FUNCTION_EXISTS=pthread_create    -rdynamic CMakeFiles/cmTC_1308a.dir/CheckFunctionExists.c.o  -o cmTC_1308a  -lpthreads 
/usr/bin/ld: cannot find -lpthreads
collect2: error: ld returned 1 exit status
make[1]: *** [CMakeFiles/cmTC_1308a.dir/build.make:87: cmTC_1308a] Error 1
make[1]: Leaving directory '/home/argadewanata/Documents/Banyubramanta/SAUVC_2022/ROS_SAUVC_2022_Main_WS/build/movement_package/CMakeFiles/CMakeTmp'
make: *** [Makefile:121: cmTC_1308a/fast] Error 2
=======
Change Dir: /home/abin/kumpulan_workspace/git/ROS_SAUVC_2022_Main_WS/build/movement_package/CMakeFiles/CMakeTmp

Run Build Command(s):/usr/bin/make cmTC_d4c65/fast && /usr/bin/make -f CMakeFiles/cmTC_d4c65.dir/build.make CMakeFiles/cmTC_d4c65.dir/build
make[1]: Entering directory '/home/abin/kumpulan_workspace/git/ROS_SAUVC_2022_Main_WS/build/movement_package/CMakeFiles/CMakeTmp'
Building C object CMakeFiles/cmTC_d4c65.dir/CheckFunctionExists.c.o
/usr/bin/cc   -DCHECK_FUNCTION_EXISTS=pthread_create   -o CMakeFiles/cmTC_d4c65.dir/CheckFunctionExists.c.o   -c /usr/share/cmake-3.16/Modules/CheckFunctionExists.c
Linking C executable cmTC_d4c65
/usr/bin/cmake -E cmake_link_script CMakeFiles/cmTC_d4c65.dir/link.txt --verbose=1
/usr/bin/cc  -DCHECK_FUNCTION_EXISTS=pthread_create    -rdynamic CMakeFiles/cmTC_d4c65.dir/CheckFunctionExists.c.o  -o cmTC_d4c65  -lpthreads 
/usr/bin/ld: cannot find -lpthreads
collect2: error: ld returned 1 exit status
make[1]: *** [CMakeFiles/cmTC_d4c65.dir/build.make:87: cmTC_d4c65] Error 1
make[1]: Leaving directory '/home/abin/kumpulan_workspace/git/ROS_SAUVC_2022_Main_WS/build/movement_package/CMakeFiles/CMakeTmp'
make: *** [Makefile:121: cmTC_d4c65/fast] Error 2
>>>>>>> fbdd64b166b645d189148d2a559d8287f156108d



