<<<<<<< HEAD
Symlinking /home/argadewanata/Documents/Banyubramanta/SAUVC_2022/ROS_SAUVC_2022_Main_WS/devel/include/cv_package/kamera.h
Symlinking /home/argadewanata/Documents/Banyubramanta/SAUVC_2022/ROS_SAUVC_2022_Main_WS/devel/include/cv_package/BoundingBoxes.h
Symlinking /home/argadewanata/Documents/Banyubramanta/SAUVC_2022/ROS_SAUVC_2022_Main_WS/devel/include/cv_package/vision.h
Symlinking /home/argadewanata/Documents/Banyubramanta/SAUVC_2022/ROS_SAUVC_2022_Main_WS/devel/include/cv_package/BoundingBox.h
Symlinking /home/argadewanata/Documents/Banyubramanta/SAUVC_2022/ROS_SAUVC_2022_Main_WS/devel/lib/pkgconfig/cv_package.pc
Symlinking /home/argadewanata/Documents/Banyubramanta/SAUVC_2022/ROS_SAUVC_2022_Main_WS/devel/lib/python3/dist-packages/cv_package/__init__.py
Symlinking /home/argadewanata/Documents/Banyubramanta/SAUVC_2022/ROS_SAUVC_2022_Main_WS/devel/lib/python3/dist-packages/cv_package/msg/_kamera.py
Symlinking /home/argadewanata/Documents/Banyubramanta/SAUVC_2022/ROS_SAUVC_2022_Main_WS/devel/lib/python3/dist-packages/cv_package/msg/__init__.py
Symlinking /home/argadewanata/Documents/Banyubramanta/SAUVC_2022/ROS_SAUVC_2022_Main_WS/devel/lib/python3/dist-packages/cv_package/msg/_BoundingBoxes.py
Symlinking /home/argadewanata/Documents/Banyubramanta/SAUVC_2022/ROS_SAUVC_2022_Main_WS/devel/lib/python3/dist-packages/cv_package/msg/_BoundingBox.py
Symlinking /home/argadewanata/Documents/Banyubramanta/SAUVC_2022/ROS_SAUVC_2022_Main_WS/devel/lib/python3/dist-packages/cv_package/msg/_vision.py
Symlinking /home/argadewanata/Documents/Banyubramanta/SAUVC_2022/ROS_SAUVC_2022_Main_WS/devel/share/roseus/ros/cv_package/manifest.l
Symlinking /home/argadewanata/Documents/Banyubramanta/SAUVC_2022/ROS_SAUVC_2022_Main_WS/devel/share/roseus/ros/cv_package/msg/vision.l
Symlinking /home/argadewanata/Documents/Banyubramanta/SAUVC_2022/ROS_SAUVC_2022_Main_WS/devel/share/roseus/ros/cv_package/msg/kamera.l
Symlinking /home/argadewanata/Documents/Banyubramanta/SAUVC_2022/ROS_SAUVC_2022_Main_WS/devel/share/roseus/ros/cv_package/msg/BoundingBoxes.l
Symlinking /home/argadewanata/Documents/Banyubramanta/SAUVC_2022/ROS_SAUVC_2022_Main_WS/devel/share/roseus/ros/cv_package/msg/BoundingBox.l
Symlinking /home/argadewanata/Documents/Banyubramanta/SAUVC_2022/ROS_SAUVC_2022_Main_WS/devel/share/cv_package/cmake/cv_packageConfig.cmake
Symlinking /home/argadewanata/Documents/Banyubramanta/SAUVC_2022/ROS_SAUVC_2022_Main_WS/devel/share/cv_package/cmake/cv_package-msg-extras.cmake
Symlinking /home/argadewanata/Documents/Banyubramanta/SAUVC_2022/ROS_SAUVC_2022_Main_WS/devel/share/cv_package/cmake/cv_package-msg-paths.cmake
Symlinking /home/argadewanata/Documents/Banyubramanta/SAUVC_2022/ROS_SAUVC_2022_Main_WS/devel/share/cv_package/cmake/cv_packageConfig-version.cmake
Symlinking /home/argadewanata/Documents/Banyubramanta/SAUVC_2022/ROS_SAUVC_2022_Main_WS/devel/share/common-lisp/ros/cv_package/msg/_package_BoundingBox.lisp
Symlinking /home/argadewanata/Documents/Banyubramanta/SAUVC_2022/ROS_SAUVC_2022_Main_WS/devel/share/common-lisp/ros/cv_package/msg/BoundingBoxes.lisp
Symlinking /home/argadewanata/Documents/Banyubramanta/SAUVC_2022/ROS_SAUVC_2022_Main_WS/devel/share/common-lisp/ros/cv_package/msg/cv_package-msg.asd
Symlinking /home/argadewanata/Documents/Banyubramanta/SAUVC_2022/ROS_SAUVC_2022_Main_WS/devel/share/common-lisp/ros/cv_package/msg/vision.lisp
Symlinking /home/argadewanata/Documents/Banyubramanta/SAUVC_2022/ROS_SAUVC_2022_Main_WS/devel/share/common-lisp/ros/cv_package/msg/_package_vision.lisp
Symlinking /home/argadewanata/Documents/Banyubramanta/SAUVC_2022/ROS_SAUVC_2022_Main_WS/devel/share/common-lisp/ros/cv_package/msg/kamera.lisp
Symlinking /home/argadewanata/Documents/Banyubramanta/SAUVC_2022/ROS_SAUVC_2022_Main_WS/devel/share/common-lisp/ros/cv_package/msg/_package_BoundingBoxes.lisp
Symlinking /home/argadewanata/Documents/Banyubramanta/SAUVC_2022/ROS_SAUVC_2022_Main_WS/devel/share/common-lisp/ros/cv_package/msg/_package.lisp
Symlinking /home/argadewanata/Documents/Banyubramanta/SAUVC_2022/ROS_SAUVC_2022_Main_WS/devel/share/common-lisp/ros/cv_package/msg/BoundingBox.lisp
Symlinking /home/argadewanata/Documents/Banyubramanta/SAUVC_2022/ROS_SAUVC_2022_Main_WS/devel/share/common-lisp/ros/cv_package/msg/_package_kamera.lisp
Symlinking /home/argadewanata/Documents/Banyubramanta/SAUVC_2022/ROS_SAUVC_2022_Main_WS/devel/share/gennodejs/ros/cv_package/_index.js
Symlinking /home/argadewanata/Documents/Banyubramanta/SAUVC_2022/ROS_SAUVC_2022_Main_WS/devel/share/gennodejs/ros/cv_package/msg/BoundingBox.js
Symlinking /home/argadewanata/Documents/Banyubramanta/SAUVC_2022/ROS_SAUVC_2022_Main_WS/devel/share/gennodejs/ros/cv_package/msg/_index.js
Symlinking /home/argadewanata/Documents/Banyubramanta/SAUVC_2022/ROS_SAUVC_2022_Main_WS/devel/share/gennodejs/ros/cv_package/msg/kamera.js
Symlinking /home/argadewanata/Documents/Banyubramanta/SAUVC_2022/ROS_SAUVC_2022_Main_WS/devel/share/gennodejs/ros/cv_package/msg/vision.js
Symlinking /home/argadewanata/Documents/Banyubramanta/SAUVC_2022/ROS_SAUVC_2022_Main_WS/devel/share/gennodejs/ros/cv_package/msg/BoundingBoxes.js
=======
Symlinking /home/abin/kumpulan_workspace/git/ROS_SAUVC_2022_Main_WS/devel/include/cv_package/kamera.h
Symlinking /home/abin/kumpulan_workspace/git/ROS_SAUVC_2022_Main_WS/devel/include/cv_package/BoundingBoxes.h
Symlinking /home/abin/kumpulan_workspace/git/ROS_SAUVC_2022_Main_WS/devel/include/cv_package/vision.h
Symlinking /home/abin/kumpulan_workspace/git/ROS_SAUVC_2022_Main_WS/devel/include/cv_package/BoundingBox.h
Symlinking /home/abin/kumpulan_workspace/git/ROS_SAUVC_2022_Main_WS/devel/lib/python3/dist-packages/cv_package/__init__.py
Symlinking /home/abin/kumpulan_workspace/git/ROS_SAUVC_2022_Main_WS/devel/lib/python3/dist-packages/cv_package/msg/_BoundingBox.py
Symlinking /home/abin/kumpulan_workspace/git/ROS_SAUVC_2022_Main_WS/devel/lib/python3/dist-packages/cv_package/msg/_kamera.py
Symlinking /home/abin/kumpulan_workspace/git/ROS_SAUVC_2022_Main_WS/devel/lib/python3/dist-packages/cv_package/msg/_BoundingBoxes.py
Symlinking /home/abin/kumpulan_workspace/git/ROS_SAUVC_2022_Main_WS/devel/lib/python3/dist-packages/cv_package/msg/_vision.py
Symlinking /home/abin/kumpulan_workspace/git/ROS_SAUVC_2022_Main_WS/devel/lib/python3/dist-packages/cv_package/msg/__init__.py
Symlinking /home/abin/kumpulan_workspace/git/ROS_SAUVC_2022_Main_WS/devel/lib/pkgconfig/cv_package.pc
Symlinking /home/abin/kumpulan_workspace/git/ROS_SAUVC_2022_Main_WS/devel/share/roseus/ros/cv_package/manifest.l
Symlinking /home/abin/kumpulan_workspace/git/ROS_SAUVC_2022_Main_WS/devel/share/roseus/ros/cv_package/msg/vision.l
Symlinking /home/abin/kumpulan_workspace/git/ROS_SAUVC_2022_Main_WS/devel/share/roseus/ros/cv_package/msg/BoundingBoxes.l
Symlinking /home/abin/kumpulan_workspace/git/ROS_SAUVC_2022_Main_WS/devel/share/roseus/ros/cv_package/msg/BoundingBox.l
Symlinking /home/abin/kumpulan_workspace/git/ROS_SAUVC_2022_Main_WS/devel/share/roseus/ros/cv_package/msg/kamera.l
Symlinking /home/abin/kumpulan_workspace/git/ROS_SAUVC_2022_Main_WS/devel/share/gennodejs/ros/cv_package/_index.js
Symlinking /home/abin/kumpulan_workspace/git/ROS_SAUVC_2022_Main_WS/devel/share/gennodejs/ros/cv_package/msg/vision.js
Symlinking /home/abin/kumpulan_workspace/git/ROS_SAUVC_2022_Main_WS/devel/share/gennodejs/ros/cv_package/msg/_index.js
Symlinking /home/abin/kumpulan_workspace/git/ROS_SAUVC_2022_Main_WS/devel/share/gennodejs/ros/cv_package/msg/kamera.js
Symlinking /home/abin/kumpulan_workspace/git/ROS_SAUVC_2022_Main_WS/devel/share/gennodejs/ros/cv_package/msg/BoundingBox.js
Symlinking /home/abin/kumpulan_workspace/git/ROS_SAUVC_2022_Main_WS/devel/share/gennodejs/ros/cv_package/msg/BoundingBoxes.js
Symlinking /home/abin/kumpulan_workspace/git/ROS_SAUVC_2022_Main_WS/devel/share/cv_package/cmake/cv_package-msg-paths.cmake
Symlinking /home/abin/kumpulan_workspace/git/ROS_SAUVC_2022_Main_WS/devel/share/cv_package/cmake/cv_packageConfig-version.cmake
Symlinking /home/abin/kumpulan_workspace/git/ROS_SAUVC_2022_Main_WS/devel/share/cv_package/cmake/cv_packageConfig.cmake
Symlinking /home/abin/kumpulan_workspace/git/ROS_SAUVC_2022_Main_WS/devel/share/cv_package/cmake/cv_package-msg-extras.cmake
Symlinking /home/abin/kumpulan_workspace/git/ROS_SAUVC_2022_Main_WS/devel/share/common-lisp/ros/cv_package/msg/BoundingBox.lisp
Symlinking /home/abin/kumpulan_workspace/git/ROS_SAUVC_2022_Main_WS/devel/share/common-lisp/ros/cv_package/msg/_package_kamera.lisp
Symlinking /home/abin/kumpulan_workspace/git/ROS_SAUVC_2022_Main_WS/devel/share/common-lisp/ros/cv_package/msg/kamera.lisp
Symlinking /home/abin/kumpulan_workspace/git/ROS_SAUVC_2022_Main_WS/devel/share/common-lisp/ros/cv_package/msg/_package.lisp
Symlinking /home/abin/kumpulan_workspace/git/ROS_SAUVC_2022_Main_WS/devel/share/common-lisp/ros/cv_package/msg/BoundingBoxes.lisp
Symlinking /home/abin/kumpulan_workspace/git/ROS_SAUVC_2022_Main_WS/devel/share/common-lisp/ros/cv_package/msg/_package_vision.lisp
Symlinking /home/abin/kumpulan_workspace/git/ROS_SAUVC_2022_Main_WS/devel/share/common-lisp/ros/cv_package/msg/_package_BoundingBox.lisp
Symlinking /home/abin/kumpulan_workspace/git/ROS_SAUVC_2022_Main_WS/devel/share/common-lisp/ros/cv_package/msg/vision.lisp
Symlinking /home/abin/kumpulan_workspace/git/ROS_SAUVC_2022_Main_WS/devel/share/common-lisp/ros/cv_package/msg/_package_BoundingBoxes.lisp
Symlinking /home/abin/kumpulan_workspace/git/ROS_SAUVC_2022_Main_WS/devel/share/common-lisp/ros/cv_package/msg/cv_package-msg.asd
>>>>>>> fbdd64b166b645d189148d2a559d8287f156108d
