[35m[1mScanning dependencies of target _cv_package_generate_messages_check_deps_vision[0m
[35m[1mScanning dependencies of target std_msgs_generate_messages_lisp[0m
<<<<<<< HEAD
[  0%] Built target std_msgs_generate_messages_lisp
[35m[1mScanning dependencies of target _cv_package_generate_messages_check_deps_kamera[0m
[35m[1mScanning dependencies of target _cv_package_generate_messages_check_deps_BoundingBox[0m
[  0%] Built target _cv_package_generate_messages_check_deps_kamera
[  0%] Built target _cv_package_generate_messages_check_deps_BoundingBox
=======
[35m[1mScanning dependencies of target _cv_package_generate_messages_check_deps_kamera[0m
>>>>>>> fbdd64b166b645d189148d2a559d8287f156108d
[35m[1mScanning dependencies of target std_msgs_generate_messages_py[0m
[35m[1mScanning dependencies of target _cv_package_generate_messages_check_deps_BoundingBox[0m
[35m[1mScanning dependencies of target _cv_package_generate_messages_check_deps_BoundingBoxes[0m
[  0%] Built target std_msgs_generate_messages_lisp
[  0%] Built target std_msgs_generate_messages_py
[35m[1mScanning dependencies of target std_msgs_generate_messages_nodejs[0m
<<<<<<< HEAD
[  0%] Built target std_msgs_generate_messages_py
[  0%] Built target std_msgs_generate_messages_nodejs
[35m[1mScanning dependencies of target std_msgs_generate_messages_cpp[0m
[35m[1mScanning dependencies of target std_msgs_generate_messages_eus[0m
[35m[1mScanning dependencies of target cv_package_generate_messages_lisp[0m
[  0%] Built target std_msgs_generate_messages_eus
=======
[  0%] Built target _cv_package_generate_messages_check_deps_vision
[35m[1mScanning dependencies of target std_msgs_generate_messages_cpp[0m
[35m[1mScanning dependencies of target std_msgs_generate_messages_eus[0m
[  0%] Built target _cv_package_generate_messages_check_deps_kamera
[  0%] Built target std_msgs_generate_messages_nodejs
[  0%] Built target _cv_package_generate_messages_check_deps_BoundingBox
>>>>>>> fbdd64b166b645d189148d2a559d8287f156108d
[  0%] Built target std_msgs_generate_messages_cpp
[  0%] Built target std_msgs_generate_messages_eus
[  0%] Built target _cv_package_generate_messages_check_deps_BoundingBoxes
[35m[1mScanning dependencies of target cv_package_generate_messages_py[0m
[ 13%] [34m[1mGenerating Python from MSG cv_package/BoundingBox[0m
[35m[1mScanning dependencies of target cv_package_generate_messages_nodejs[0m
<<<<<<< HEAD
[ 18%] [34m[1mGenerating Javascript code from cv_package/BoundingBox.msg[0m
[ 22%] [34m[1mGenerating Lisp code from cv_package/kamera.msg[0m
[ 27%] [34m[1mGenerating Javascript code from cv_package/BoundingBoxes.msg[0m
[ 31%] [34m[1mGenerating Javascript code from cv_package/kamera.msg[0m
[ 36%] [34m[1mGenerating Lisp code from cv_package/vision.msg[0m
[ 40%] [34m[1mGenerating Javascript code from cv_package/vision.msg[0m
[ 45%] [34m[1mGenerating Python from MSG cv_package/kamera[0m
[ 50%] [34m[1mGenerating Python from MSG cv_package/BoundingBoxes[0m
[ 50%] Built target cv_package_generate_messages_lisp
[ 54%] [34m[1mGenerating Python from MSG cv_package/vision[0m
[ 54%] Built target cv_package_generate_messages_nodejs
[35m[1mScanning dependencies of target cv_package_generate_messages_cpp[0m
[35m[1mScanning dependencies of target cv_package_generate_messages_eus[0m
[ 59%] [34m[1mGenerating C++ code from cv_package/BoundingBox.msg[0m
[ 63%] [34m[1mGenerating EusLisp code from cv_package/BoundingBox.msg[0m
[ 68%] [34m[1mGenerating EusLisp code from cv_package/BoundingBoxes.msg[0m
[ 72%] [34m[1mGenerating EusLisp code from cv_package/kamera.msg[0m
[ 77%] [34m[1mGenerating EusLisp code from cv_package/vision.msg[0m
[ 81%] [34m[1mGenerating Python msg __init__.py for cv_package[0m
[ 86%] [34m[1mGenerating C++ code from cv_package/BoundingBoxes.msg[0m
[ 90%] [34m[1mGenerating C++ code from cv_package/kamera.msg[0m
[ 95%] [34m[1mGenerating EusLisp manifest code for cv_package[0m
[100%] [34m[1mGenerating C++ code from cv_package/vision.msg[0m
=======
[35m[1mScanning dependencies of target cv_package_generate_messages_lisp[0m
[35m[1mScanning dependencies of target cv_package_generate_messages_cpp[0m
[  4%] [34m[1mGenerating Python from MSG cv_package/BoundingBox[0m
[35m[1mScanning dependencies of target cv_package_generate_messages_eus[0m
[  9%] [34m[1mGenerating Python from MSG cv_package/kamera[0m
[ 18%] [34m[1mGenerating Javascript code from cv_package/kamera.msg[0m
[ 18%] [34m[1mGenerating Lisp code from cv_package/BoundingBox.msg[0m
[ 22%] [34m[1mGenerating Python from MSG cv_package/BoundingBoxes[0m
[ 27%] [34m[1mGenerating Javascript code from cv_package/BoundingBox.msg[0m
[ 31%] [34m[1mGenerating Javascript code from cv_package/BoundingBoxes.msg[0m
[ 36%] [34m[1mGenerating EusLisp code from cv_package/BoundingBox.msg[0m
[ 40%] [34m[1mGenerating C++ code from cv_package/BoundingBox.msg[0m
[ 45%] [34m[1mGenerating C++ code from cv_package/kamera.msg[0m
[ 50%] [34m[1mGenerating C++ code from cv_package/BoundingBoxes.msg[0m
[ 54%] [34m[1mGenerating Lisp code from cv_package/BoundingBoxes.msg[0m
[ 59%] [34m[1mGenerating Javascript code from cv_package/vision.msg[0m
[ 63%] [34m[1mGenerating EusLisp code from cv_package/BoundingBoxes.msg[0m
[ 68%] [34m[1mGenerating EusLisp code from cv_package/kamera.msg[0m
[ 72%] [34m[1mGenerating Lisp code from cv_package/kamera.msg[0m
[ 77%] [34m[1mGenerating Python from MSG cv_package/vision[0m
[ 81%] [34m[1mGenerating Lisp code from cv_package/vision.msg[0m
[ 81%] Built target cv_package_generate_messages_nodejs
[ 86%] [34m[1mGenerating EusLisp code from cv_package/vision.msg[0m
[ 90%] [34m[1mGenerating EusLisp manifest code for cv_package[0m
[ 95%] [34m[1mGenerating C++ code from cv_package/vision.msg[0m
[ 95%] Built target cv_package_generate_messages_lisp
[ 95%] Built target cv_package_generate_messages_cpp
[100%] [34m[1mGenerating Python msg __init__.py for cv_package[0m
>>>>>>> fbdd64b166b645d189148d2a559d8287f156108d
[100%] Built target cv_package_generate_messages_py
[100%] Built target cv_package_generate_messages_cpp
[100%] Built target cv_package_generate_messages_eus
[35m[1mScanning dependencies of target cv_package_generate_messages[0m
[100%] Built target cv_package_generate_messages
