<<<<<<< HEAD
Symlinking /home/argadewanata/Documents/Banyubramanta/SAUVC_2022/ROS_SAUVC_2022_Main_WS/devel/include/positioning_package/positioning.h
Symlinking /home/argadewanata/Documents/Banyubramanta/SAUVC_2022/ROS_SAUVC_2022_Main_WS/devel/lib/pkgconfig/positioning_package.pc
Symlinking /home/argadewanata/Documents/Banyubramanta/SAUVC_2022/ROS_SAUVC_2022_Main_WS/devel/lib/python3/dist-packages/positioning_package/__init__.py
Symlinking /home/argadewanata/Documents/Banyubramanta/SAUVC_2022/ROS_SAUVC_2022_Main_WS/devel/lib/python3/dist-packages/positioning_package/msg/__init__.py
Symlinking /home/argadewanata/Documents/Banyubramanta/SAUVC_2022/ROS_SAUVC_2022_Main_WS/devel/lib/python3/dist-packages/positioning_package/msg/_positioning.py
Symlinking /home/argadewanata/Documents/Banyubramanta/SAUVC_2022/ROS_SAUVC_2022_Main_WS/devel/share/roseus/ros/positioning_package/manifest.l
Symlinking /home/argadewanata/Documents/Banyubramanta/SAUVC_2022/ROS_SAUVC_2022_Main_WS/devel/share/roseus/ros/positioning_package/msg/positioning.l
Symlinking /home/argadewanata/Documents/Banyubramanta/SAUVC_2022/ROS_SAUVC_2022_Main_WS/devel/share/common-lisp/ros/positioning_package/msg/positioning.lisp
Symlinking /home/argadewanata/Documents/Banyubramanta/SAUVC_2022/ROS_SAUVC_2022_Main_WS/devel/share/common-lisp/ros/positioning_package/msg/_package_positioning.lisp
Symlinking /home/argadewanata/Documents/Banyubramanta/SAUVC_2022/ROS_SAUVC_2022_Main_WS/devel/share/common-lisp/ros/positioning_package/msg/positioning_package-msg.asd
Symlinking /home/argadewanata/Documents/Banyubramanta/SAUVC_2022/ROS_SAUVC_2022_Main_WS/devel/share/common-lisp/ros/positioning_package/msg/_package.lisp
Symlinking /home/argadewanata/Documents/Banyubramanta/SAUVC_2022/ROS_SAUVC_2022_Main_WS/devel/share/gennodejs/ros/positioning_package/_index.js
Symlinking /home/argadewanata/Documents/Banyubramanta/SAUVC_2022/ROS_SAUVC_2022_Main_WS/devel/share/gennodejs/ros/positioning_package/msg/positioning.js
Symlinking /home/argadewanata/Documents/Banyubramanta/SAUVC_2022/ROS_SAUVC_2022_Main_WS/devel/share/gennodejs/ros/positioning_package/msg/_index.js
Symlinking /home/argadewanata/Documents/Banyubramanta/SAUVC_2022/ROS_SAUVC_2022_Main_WS/devel/share/positioning_package/cmake/positioning_packageConfig-version.cmake
Symlinking /home/argadewanata/Documents/Banyubramanta/SAUVC_2022/ROS_SAUVC_2022_Main_WS/devel/share/positioning_package/cmake/positioning_package-msg-paths.cmake
Symlinking /home/argadewanata/Documents/Banyubramanta/SAUVC_2022/ROS_SAUVC_2022_Main_WS/devel/share/positioning_package/cmake/positioning_packageConfig.cmake
Symlinking /home/argadewanata/Documents/Banyubramanta/SAUVC_2022/ROS_SAUVC_2022_Main_WS/devel/share/positioning_package/cmake/positioning_package-msg-extras.cmake
=======
Symlinking /home/abin/kumpulan_workspace/git/ROS_SAUVC_2022_Main_WS/devel/include/positioning_package/positioning.h
Symlinking /home/abin/kumpulan_workspace/git/ROS_SAUVC_2022_Main_WS/devel/lib/python3/dist-packages/positioning_package/__init__.py
Symlinking /home/abin/kumpulan_workspace/git/ROS_SAUVC_2022_Main_WS/devel/lib/python3/dist-packages/positioning_package/msg/_positioning.py
Symlinking /home/abin/kumpulan_workspace/git/ROS_SAUVC_2022_Main_WS/devel/lib/python3/dist-packages/positioning_package/msg/__init__.py
Symlinking /home/abin/kumpulan_workspace/git/ROS_SAUVC_2022_Main_WS/devel/lib/pkgconfig/positioning_package.pc
Symlinking /home/abin/kumpulan_workspace/git/ROS_SAUVC_2022_Main_WS/devel/share/roseus/ros/positioning_package/manifest.l
Symlinking /home/abin/kumpulan_workspace/git/ROS_SAUVC_2022_Main_WS/devel/share/roseus/ros/positioning_package/msg/positioning.l
Symlinking /home/abin/kumpulan_workspace/git/ROS_SAUVC_2022_Main_WS/devel/share/gennodejs/ros/positioning_package/_index.js
Symlinking /home/abin/kumpulan_workspace/git/ROS_SAUVC_2022_Main_WS/devel/share/gennodejs/ros/positioning_package/msg/_index.js
Symlinking /home/abin/kumpulan_workspace/git/ROS_SAUVC_2022_Main_WS/devel/share/gennodejs/ros/positioning_package/msg/positioning.js
Symlinking /home/abin/kumpulan_workspace/git/ROS_SAUVC_2022_Main_WS/devel/share/common-lisp/ros/positioning_package/msg/positioning_package-msg.asd
Symlinking /home/abin/kumpulan_workspace/git/ROS_SAUVC_2022_Main_WS/devel/share/common-lisp/ros/positioning_package/msg/_package.lisp
Symlinking /home/abin/kumpulan_workspace/git/ROS_SAUVC_2022_Main_WS/devel/share/common-lisp/ros/positioning_package/msg/positioning.lisp
Symlinking /home/abin/kumpulan_workspace/git/ROS_SAUVC_2022_Main_WS/devel/share/common-lisp/ros/positioning_package/msg/_package_positioning.lisp
Symlinking /home/abin/kumpulan_workspace/git/ROS_SAUVC_2022_Main_WS/devel/share/positioning_package/cmake/positioning_package-msg-paths.cmake
Symlinking /home/abin/kumpulan_workspace/git/ROS_SAUVC_2022_Main_WS/devel/share/positioning_package/cmake/positioning_packageConfig-version.cmake
Symlinking /home/abin/kumpulan_workspace/git/ROS_SAUVC_2022_Main_WS/devel/share/positioning_package/cmake/positioning_package-msg-extras.cmake
Symlinking /home/abin/kumpulan_workspace/git/ROS_SAUVC_2022_Main_WS/devel/share/positioning_package/cmake/positioning_packageConfig.cmake
>>>>>>> fbdd64b166b645d189148d2a559d8287f156108d
